Added Component: Designator=J1(FP-5025985193-MFG)
Add component (AddParameter): Name = "Ambient Temperature Range High"; Value = "+105¡ÆC"; VariantName = "[No Variations]"
Add component (AddParameter): Name = "Ambient Temperature Range Low"; Value = "-40¡ÆC"; VariantName = "[No Variations]"
Add component (AddParameter): Name = "Automotive"; Value = "No"; VariantName = "[No Variations]"
Add component (AddParameter): Name = "Category"; Value = "Conn"; VariantName = "[No Variations]"
Add component (AddParameter): Name = "Ciiva Ids"; Value = "8412513"; VariantName = "[No Variations]"
Add component (AddParameter): Name = "ComponentLink2Description"; Value = "Datasheet"; VariantName = "[No Variations]"
Add component (AddParameter): Name = "ComponentLink2URL"; Value = "https://www.molex.com/webdocs/datasheets/pdf/en-us/5025985193_FFC_FPC_CONNECTORS.pdf"; VariantName = "[No Variations]"
Add component (AddParameter): Name = "Conn Gender"; Value = "Female"; VariantName = "[No Variations]"
Add component (AddParameter): Name = "Conn Orientation"; Value = "Right Angle"; VariantName = "[No Variations]"
Add component (AddParameter): Name = "Contact Material"; Value = "Gold,Nickel"; VariantName = "[No Variations]"
Add component (AddParameter): Name = "Current Rating"; Value = "0.3A"; VariantName = "[No Variations]"
Add component (AddParameter): Name = "Device Class L1"; Value = "Connectors"; VariantName = "[No Variations]"
Add component (AddParameter): Name = "Device Class L2"; Value = "FFC / FPC"; VariantName = "[No Variations]"
Add component (AddParameter): Name = "Device Class L3"; Value = "unset"; VariantName = "[No Variations]"
Add component (AddParameter): Name = "Digikey Description"; Value = "CONN FPC 51POS 0.30MM R/A"; VariantName = "[No Variations]"
Add component (AddParameter): Name = "Footprint Url"; Value = "https://www.molex.com/pdm_docs/sd/5025985193_sd.pdf"; VariantName = "[No Variations]"
Add component (AddParameter): Name = "Height"; Value = "1.83mm"; VariantName = "[No Variations]"
Add component (AddParameter): Name = "Import Ts"; Value = "1521860080"; VariantName = "[No Variations]"
Add component (AddParameter): Name = "Is Female"; Value = "yes"; VariantName = "[No Variations]"
Add component (AddParameter): Name = "Lead Free"; Value = "Yes"; VariantName = "[No Variations]"
Add component (AddParameter): Name = "Manufacturer"; Value = "Molex"; VariantName = "[No Variations]"
Add component (AddParameter): Name = "Manufacturer Part Number"; Value = "5025985193"; VariantName = "[No Variations]"
Add component (AddParameter): Name = "Mouser Description"; Value = "FFC & FPC Connectors 0.3 FPC BackFlip Hsg RA SMT 51Ckt"; VariantName = "[No Variations]"
Add component (AddParameter): Name = "Number Of Contacts"; Value = "51"; VariantName = "[No Variations]"
Add component (AddParameter): Name = "Octopart"; Value = "https://octopart.com/502598-5193-molex-33127991"; VariantName = "[No Variations]"
Add component (AddParameter): Name = "Package"; Value = "0"; VariantName = "[No Variations]"
Add component (AddParameter): Name = "Pitch"; Value = "0.6mm"; VariantName = "[No Variations]"
Add component (AddParameter): Name = "Release Date"; Value = "1411372322"; VariantName = "[No Variations]"
Add component (AddParameter): Name = "RoHS"; Value = "TRUE"; VariantName = "[No Variations]"
Add component (AddParameter): Name = "Temperature"; Value = "-40¡ÆC to +105¡ÆC"; VariantName = "[No Variations]"
Add component (AddParameter): Name = "Temperature Range High"; Value = "+105¡ÆC"; VariantName = "[No Variations]"
Add component (AddParameter): Name = "Temperature Range Low"; Value = "-40¡ÆC"; VariantName = "[No Variations]"
Add component (AddParameter): Name = "Voltage Rating"; Value = "50V"; VariantName = "[No Variations]"
Add component: Footprint Not Found 380-025-213L001
Added Pin To Net: NetName=1 Pin=J1-2
Added Net: Name=1
Added Pin To Net: NetName=2 Pin=J1-4
Added Net: Name=2
Added Pin To Net: NetName=3 Pin=J1-6
Added Net: Name=3
Added Pin To Net: NetName=4 Pin=J1-8
Added Net: Name=4
Added Pin To Net: NetName=5 Pin=J1-10
Added Net: Name=5
Added Pin To Net: NetName=6 Pin=J1-12
Added Net: Name=6
Added Pin To Net: NetName=7 Pin=J1-14
Added Net: Name=7
Added Pin To Net: NetName=8 Pin=J1-16
Added Net: Name=8
Added Pin To Net: NetName=9 Pin=J1-18
Added Net: Name=9
Added Pin To Net: NetName=10 Pin=J1-20
Added Net: Name=10
Added Pin To Net: NetName=11 Pin=J1-22
Added Net: Name=11
Added Pin To Net: NetName=12 Pin=J1-24
Added Net: Name=12
Added Pin To Net: NetName=13 Pin=J1-26
Added Net: Name=13
Added Pin To Net: NetName=14 Pin=J1-28
Added Net: Name=14
Added Pin To Net: NetName=15 Pin=J1-30
Added Net: Name=15
Added Pin To Net: NetName=16 Pin=J1-32
Added Net: Name=16
Added Pin To Net: NetName=17 Pin=J1-34
Added Net: Name=17
Added Pin To Net: NetName=18 Pin=J1-36
Added Net: Name=18
Added Pin To Net: NetName=19 Pin=J1-38
Added Net: Name=19
Added Pin To Net: NetName=20 Pin=J1-40
Added Net: Name=20
Added Pin To Net: NetName=21 Pin=J1-42
Added Net: Name=21
Added Pin To Net: NetName=22 Pin=J1-44
Added Net: Name=22
Added Pin To Net: NetName=23 Pin=J1-46
Added Net: Name=23
Added Pin To Net: NetName=24 Pin=J1-48
Added Net: Name=24
Added Pin To Net: NetName=25 Pin=J1-50
Added Net: Name=25
Added Pin To Net: NetName=GND Pin=J1-1
Added Pin To Net: NetName=GND Pin=J1-3
Added Pin To Net: NetName=GND Pin=J1-5
Added Pin To Net: NetName=GND Pin=J1-7
Added Pin To Net: NetName=GND Pin=J1-9
Added Pin To Net: NetName=GND Pin=J1-11
Added Pin To Net: NetName=GND Pin=J1-13
Added Pin To Net: NetName=GND Pin=J1-15
Added Pin To Net: NetName=GND Pin=J1-17
Added Pin To Net: NetName=GND Pin=J1-19
Added Pin To Net: NetName=GND Pin=J1-21
Added Pin To Net: NetName=GND Pin=J1-23
Added Pin To Net: NetName=GND Pin=J1-25
Added Pin To Net: NetName=GND Pin=J1-27
Added Pin To Net: NetName=GND Pin=J1-29
Added Pin To Net: NetName=GND Pin=J1-31
Added Pin To Net: NetName=GND Pin=J1-33
Added Pin To Net: NetName=GND Pin=J1-35
Added Pin To Net: NetName=GND Pin=J1-37
Added Pin To Net: NetName=GND Pin=J1-39
Added Pin To Net: NetName=GND Pin=J1-41
Added Pin To Net: NetName=GND Pin=J1-43
Added Pin To Net: NetName=GND Pin=J1-45
Added Pin To Net: NetName=GND Pin=J1-47
Added Pin To Net: NetName=GND Pin=J1-49
Added Pin To Net: NetName=GND Pin=J1-51
Added Net: Name=GND
Added Class: Name=QSTL_MicroDSUB_Socket_FFC
Added Rule: Name=Schematic Supply Nets
